2023-11-21 10:38:24,424 [INFO] com.workflow.WorkflowApplication [restartedMain] Starting WorkflowApplication using Java 17.0.7 with PID 11924 (C:\Users\hp\Downloads\grapplerV2Workflow-newRules\grapplerV2Workflow-newRules\target\classes started by hp in C:\Users\hp\Downloads\grapplerV2Workflow-newRules\grapplerV2Workflow-newRules)
2023-11-21 10:38:24,440 [INFO] com.workflow.WorkflowApplication [restartedMain] No active profile set, falling back to 1 default profile: "default"
2023-11-21 10:38:24,565 [INFO] org.springframework.boot.devtools.env.DevToolsPropertyDefaultsPostProcessor [restartedMain] Devtools property defaults active! Set 'spring.devtools.add-properties' to 'false' to disable
2023-11-21 10:38:24,565 [INFO] org.springframework.boot.devtools.env.DevToolsPropertyDefaultsPostProcessor [restartedMain] For additional web related logging consider setting the 'logging.level.web' property to 'DEBUG'
2023-11-21 10:38:26,186 [INFO] org.springframework.data.repository.config.RepositoryConfigurationDelegate [restartedMain] Bootstrapping Spring Data JPA repositories in DEFAULT mode.
2023-11-21 10:38:26,359 [INFO] org.springframework.data.repository.config.RepositoryConfigurationDelegate [restartedMain] Finished Spring Data repository scanning in 150 ms. Found 6 JPA repository interfaces.
2023-11-21 10:38:27,834 [INFO] org.springframework.boot.web.embedded.tomcat.TomcatWebServer [restartedMain] Tomcat initialized with port(s): 8080 (http)
2023-11-21 10:38:27,881 [INFO] org.apache.catalina.core.StandardService [restartedMain] Starting service [Tomcat]
2023-11-21 10:38:27,881 [INFO] org.apache.catalina.core.StandardEngine [restartedMain] Starting Servlet engine: [Apache Tomcat/10.1.13]
2023-11-21 10:38:28,006 [INFO] org.apache.catalina.core.ContainerBase.[Tomcat].[localhost].[/] [restartedMain] Initializing Spring embedded WebApplicationContext
2023-11-21 10:38:28,006 [INFO] org.springframework.boot.web.servlet.context.ServletWebServerApplicationContext [restartedMain] Root WebApplicationContext: initialization completed in 3425 ms
2023-11-21 10:38:28,399 [INFO] org.hibernate.jpa.internal.util.LogHelper [restartedMain] HHH000204: Processing PersistenceUnitInfo [name: default]
2023-11-21 10:38:28,556 [INFO] org.hibernate.Version [restartedMain] HHH000412: Hibernate ORM core version 6.2.9.Final
2023-11-21 10:38:28,556 [INFO] org.hibernate.cfg.Environment [restartedMain] HHH000406: Using bytecode reflection optimizer
2023-11-21 10:38:28,869 [INFO] org.hibernate.bytecode.internal.BytecodeProviderInitiator [restartedMain] HHH000021: Bytecode provider name : bytebuddy
2023-11-21 10:38:29,167 [INFO] org.springframework.orm.jpa.persistenceunit.SpringPersistenceUnitInfo [restartedMain] No LoadTimeWeaver setup: ignoring JPA class transformer
2023-11-21 10:38:29,198 [INFO] com.zaxxer.hikari.HikariDataSource [restartedMain] HikariPool-1 - Starting...
2023-11-21 10:38:30,125 [INFO] com.zaxxer.hikari.pool.HikariPool [restartedMain] HikariPool-1 - Added connection com.mysql.cj.jdbc.ConnectionImpl@69504cca
2023-11-21 10:38:30,140 [INFO] com.zaxxer.hikari.HikariDataSource [restartedMain] HikariPool-1 - Start completed.
2023-11-21 10:38:30,858 [INFO] org.hibernate.bytecode.internal.BytecodeProviderInitiator [restartedMain] HHH000021: Bytecode provider name : bytebuddy
2023-11-21 10:38:32,732 [INFO] org.hibernate.engine.transaction.jta.platform.internal.JtaPlatformInitiator [restartedMain] HHH000490: Using JtaPlatform implementation: [org.hibernate.engine.transaction.jta.platform.internal.NoJtaPlatform]
2023-11-21 10:38:33,183 [INFO] org.springframework.orm.jpa.LocalContainerEntityManagerFactoryBean [restartedMain] Initialized JPA EntityManagerFactory for persistence unit 'default'
2023-11-21 10:38:35,270 [WARN] org.springframework.boot.autoconfigure.orm.jpa.JpaBaseConfiguration$JpaWebConfiguration [restartedMain] spring.jpa.open-in-view is enabled by default. Therefore, database queries may be performed during view rendering. Explicitly configure spring.jpa.open-in-view to disable this warning
2023-11-21 10:38:36,498 [INFO] org.springframework.boot.devtools.autoconfigure.OptionalLiveReloadServer [restartedMain] LiveReload server is running on port 35729
2023-11-21 10:38:36,576 [INFO] org.springframework.boot.web.embedded.tomcat.TomcatWebServer [restartedMain] Tomcat started on port(s): 8080 (http) with context path ''
2023-11-21 10:38:36,576 [INFO] org.springframework.messaging.simp.broker.SimpleBrokerMessageHandler [restartedMain] Starting...
2023-11-21 10:38:36,592 [INFO] org.springframework.messaging.simp.broker.SimpleBrokerMessageHandler [restartedMain] BrokerAvailabilityEvent[available=true, SimpleBrokerMessageHandler [org.springframework.messaging.simp.broker.DefaultSubscriptionRegistry@8773dc0]]
2023-11-21 10:38:36,592 [INFO] org.springframework.messaging.simp.broker.SimpleBrokerMessageHandler [restartedMain] Started.
2023-11-21 10:38:36,592 [INFO] com.workflow.WorkflowApplication [restartedMain] Started WorkflowApplication in 13.765 seconds (process running for 23.363)
2023-11-21 10:38:37,518 [INFO] com.workflow.service.TriggerStart [MessageBroker-1] after---less
2023-11-21 10:38:37,518 [INFO] com.workflow.service.TriggerStart [MessageBroker-1] after date exicuted
2023-11-21 10:38:37,538 [INFO] com.workflow.service.TriggerStart [MessageBroker-1] state cheak
2023-11-21 10:38:37,538 [INFO] com.workflow.service.TriggerStart [MessageBroker-1] date
2023-11-21 10:38:37,549 [INFO] com.workflow.service.TriggerStart [MessageBroker-1]  ticket 
2023-11-21 10:38:37,549 [INFO] com.workflow.service.TriggerStart [MessageBroker-1]  ticket 
2023-11-21 10:38:37,549 [INFO] com.workflow.service.TriggerStart [MessageBroker-1]  ticket 
2023-11-21 10:38:37,549 [INFO] com.workflow.service.TriggerStart [MessageBroker-1]  ticket 
2023-11-21 10:38:37,549 [INFO] com.workflow.service.TriggerStart [MessageBroker-1] after---less
2023-11-21 10:38:37,549 [INFO] com.workflow.service.TriggerStart [MessageBroker-1] after date exicuted
2023-11-21 10:38:37,565 [INFO] com.workflow.service.TriggerStart [MessageBroker-1] state cheak
2023-11-21 10:38:37,565 [INFO] com.workflow.service.TriggerStart [MessageBroker-1] date
2023-11-21 10:38:37,565 [INFO] com.workflow.service.TriggerStart [MessageBroker-1]  ticket 
2023-11-21 10:38:37,565 [INFO] com.workflow.service.TriggerStart [MessageBroker-1]  ticket 
2023-11-21 10:38:37,565 [INFO] com.workflow.service.TriggerStart [MessageBroker-1]  ticket 
2023-11-21 10:38:37,565 [INFO] com.workflow.service.TriggerStart [MessageBroker-1]  ticket 
2023-11-21 10:38:57,326 [INFO] org.apache.catalina.core.ContainerBase.[Tomcat].[localhost].[/] [http-nio-8080-exec-2] Initializing Spring DispatcherServlet 'dispatcherServlet'
2023-11-21 10:38:57,327 [INFO] org.springframework.web.servlet.DispatcherServlet [http-nio-8080-exec-2] Initializing Servlet 'dispatcherServlet'
2023-11-21 10:38:57,328 [INFO] org.springframework.web.servlet.DispatcherServlet [http-nio-8080-exec-2] Completed initialization in 1 ms
2023-11-21 10:38:57,474 [INFO] com.workflow.service.ProjectService [http-nio-8080-exec-2] Retrieving all projects
2023-11-21 10:38:57,601 [INFO] com.workflow.controller.ProjectController [http-nio-8080-exec-2] Retrieved all projects
2023-11-21 10:39:00,973 [INFO] com.workflow.service.ProjectService [http-nio-8080-exec-8] Retrieving project with ID = 8
2023-11-21 10:39:00,973 [INFO] com.workflow.controller.ProjectController [http-nio-8080-exec-8] Project with ID 8 found
2023-11-21 10:39:01,475 [INFO] com.workflow.service.ProjectService [http-nio-8080-exec-9] Retrieving project with ID = 8
2023-11-21 10:39:01,475 [INFO] com.workflow.controller.ProjectController [http-nio-8080-exec-9] Project with ID 8 found
2023-11-21 10:39:04,172 [INFO] com.workflow.service.ProjectService [http-nio-8080-exec-7] Retrieving project with ID = 7
2023-11-21 10:39:04,173 [INFO] com.workflow.controller.ProjectController [http-nio-8080-exec-7] Project with ID 7 found
2023-11-21 10:39:04,208 [INFO] com.workflow.service.ProjectService [http-nio-8080-exec-6] Retrieving project with ID = 7
2023-11-21 10:39:04,208 [INFO] com.workflow.controller.ProjectController [http-nio-8080-exec-6] Project with ID 7 found
2023-11-21 10:39:05,603 [INFO] com.workflow.service.ProjectService [http-nio-8080-exec-10] Retrieving project with ID = 6
2023-11-21 10:39:05,603 [INFO] com.workflow.controller.ProjectController [http-nio-8080-exec-10] Project with ID 6 found
2023-11-21 10:39:05,628 [INFO] com.workflow.service.ProjectService [http-nio-8080-exec-1] Retrieving project with ID = 6
2023-11-21 10:39:05,628 [INFO] com.workflow.controller.ProjectController [http-nio-8080-exec-1] Project with ID 6 found
2023-11-21 10:39:06,978 [INFO] com.workflow.service.ProjectService [http-nio-8080-exec-3] Retrieving project with ID = 5
2023-11-21 10:39:06,978 [INFO] com.workflow.controller.ProjectController [http-nio-8080-exec-3] Project with ID 5 found
2023-11-21 10:39:07,003 [INFO] com.workflow.service.ProjectService [http-nio-8080-exec-4] Retrieving project with ID = 5
2023-11-21 10:39:07,004 [INFO] com.workflow.controller.ProjectController [http-nio-8080-exec-4] Project with ID 5 found
2023-11-21 10:39:08,063 [INFO] com.workflow.service.ProjectService [http-nio-8080-exec-5] Retrieving project with ID = 4
2023-11-21 10:39:08,063 [INFO] com.workflow.controller.ProjectController [http-nio-8080-exec-5] Project with ID 4 found
2023-11-21 10:39:08,088 [INFO] com.workflow.service.ProjectService [http-nio-8080-exec-2] Retrieving project with ID = 4
2023-11-21 10:39:08,088 [INFO] com.workflow.controller.ProjectController [http-nio-8080-exec-2] Project with ID 4 found
2023-11-21 10:39:09,255 [INFO] com.workflow.service.ProjectService [http-nio-8080-exec-8] Retrieving project with ID = 3
2023-11-21 10:39:09,256 [INFO] com.workflow.controller.ProjectController [http-nio-8080-exec-8] Project with ID 3 found
2023-11-21 10:39:09,305 [INFO] com.workflow.service.ProjectService [http-nio-8080-exec-9] Retrieving project with ID = 3
2023-11-21 10:39:09,305 [INFO] com.workflow.controller.ProjectController [http-nio-8080-exec-9] Project with ID 3 found
2023-11-21 10:39:11,528 [INFO] com.workflow.service.ProjectService [http-nio-8080-exec-5] Retrieving project with ID = 2
2023-11-21 10:39:11,528 [INFO] com.workflow.controller.ProjectController [http-nio-8080-exec-5] Project with ID 2 found
2023-11-21 10:39:11,550 [INFO] com.workflow.service.ProjectService [http-nio-8080-exec-2] Retrieving project with ID = 2
2023-11-21 10:39:11,550 [INFO] com.workflow.controller.ProjectController [http-nio-8080-exec-2] Project with ID 2 found
2023-11-21 10:39:12,876 [INFO] com.workflow.service.ProjectService [http-nio-8080-exec-6] Retrieving project with ID = 1
2023-11-21 10:39:12,877 [INFO] com.workflow.controller.ProjectController [http-nio-8080-exec-6] Project with ID 1 found
2023-11-21 10:39:12,901 [INFO] com.workflow.service.ProjectService [http-nio-8080-exec-7] Retrieving project with ID = 1
2023-11-21 10:39:12,901 [INFO] com.workflow.controller.ProjectController [http-nio-8080-exec-7] Project with ID 1 found
2023-11-21 10:39:35,253 [INFO] org.springframework.web.socket.config.WebSocketMessageBrokerStats [MessageBroker-3] WebSocketSession[1 current WS(1)-HttpStream(0)-HttpPoll(0), 1 total, 0 closed abnormally (0 connect failure, 0 send limit, 0 transport error)], stompSubProtocol[processed CONNECT(1)-CONNECTED(1)-DISCONNECT(0)], stompBrokerRelay[null], inboundChannel[pool size = 6, active threads = 0, queued tasks = 0, completed tasks = 6], outboundChannel[pool size = 1, active threads = 0, queued tasks = 0, completed tasks = 1], sockJsScheduler[pool size = 8, active threads = 1, queued tasks = 3, completed tasks = 10]
2023-11-21 10:39:36,658 [INFO] com.workflow.service.TriggerStart [MessageBroker-5] after---less
2023-11-21 10:39:36,658 [INFO] com.workflow.service.TriggerStart [MessageBroker-5] after date exicuted
2023-11-21 10:39:36,673 [INFO] com.workflow.service.TriggerStart [MessageBroker-5] state cheak
2023-11-21 10:39:36,673 [INFO] com.workflow.service.TriggerStart [MessageBroker-5] date
2023-11-21 10:39:36,673 [INFO] com.workflow.service.TriggerStart [MessageBroker-5]  ticket 
2023-11-21 10:39:36,673 [INFO] com.workflow.service.TriggerStart [MessageBroker-5]  ticket 
2023-11-21 10:39:36,673 [INFO] com.workflow.service.TriggerStart [MessageBroker-5]  ticket 
2023-11-21 10:39:36,673 [INFO] com.workflow.service.TriggerStart [MessageBroker-5]  ticket 
2023-11-21 10:39:36,674 [INFO] com.workflow.service.TriggerStart [MessageBroker-5] after---less
2023-11-21 10:39:36,674 [INFO] com.workflow.service.TriggerStart [MessageBroker-5] after date exicuted
2023-11-21 10:39:36,686 [INFO] com.workflow.service.TriggerStart [MessageBroker-5] state cheak
2023-11-21 10:39:36,687 [INFO] com.workflow.service.TriggerStart [MessageBroker-5] date
2023-11-21 10:39:36,687 [INFO] com.workflow.service.TriggerStart [MessageBroker-5]  ticket 
2023-11-21 10:39:36,687 [INFO] com.workflow.service.TriggerStart [MessageBroker-5]  ticket 
2023-11-21 10:39:36,687 [INFO] com.workflow.service.TriggerStart [MessageBroker-5]  ticket 
2023-11-21 10:39:36,688 [INFO] com.workflow.service.TriggerStart [MessageBroker-5]  ticket 
2023-11-21 10:40:36,673 [INFO] com.workflow.service.TriggerStart [MessageBroker-5] after---less
2023-11-21 10:40:36,673 [INFO] com.workflow.service.TriggerStart [MessageBroker-5] after date exicuted
2023-11-21 10:40:36,687 [INFO] com.workflow.service.TriggerStart [MessageBroker-5] state cheak
2023-11-21 10:40:36,687 [INFO] com.workflow.service.TriggerStart [MessageBroker-5] date
2023-11-21 10:40:36,687 [INFO] com.workflow.service.TriggerStart [MessageBroker-5]  ticket 
2023-11-21 10:40:36,687 [INFO] com.workflow.service.TriggerStart [MessageBroker-5]  ticket 
2023-11-21 10:40:36,687 [INFO] com.workflow.service.TriggerStart [MessageBroker-5]  ticket 
2023-11-21 10:40:36,687 [INFO] com.workflow.service.TriggerStart [MessageBroker-5]  ticket 
2023-11-21 10:40:36,688 [INFO] com.workflow.service.TriggerStart [MessageBroker-5] after---less
2023-11-21 10:40:36,688 [INFO] com.workflow.service.TriggerStart [MessageBroker-5] after date exicuted
2023-11-21 10:40:36,701 [INFO] com.workflow.service.TriggerStart [MessageBroker-5] state cheak
2023-11-21 10:40:36,701 [INFO] com.workflow.service.TriggerStart [MessageBroker-5] date
2023-11-21 10:40:36,702 [INFO] com.workflow.service.TriggerStart [MessageBroker-5]  ticket 
2023-11-21 10:40:36,702 [INFO] com.workflow.service.TriggerStart [MessageBroker-5]  ticket 
2023-11-21 10:40:36,702 [INFO] com.workflow.service.TriggerStart [MessageBroker-5]  ticket 
2023-11-21 10:40:36,702 [INFO] com.workflow.service.TriggerStart [MessageBroker-5]  ticket 
